

HI-TECH Software PICC Macro Assembler V9.50PL2
                                                      Tue Oct 21 15:37:47 2014


     1                           	processor	16F877A
     2                           	opt	pw 79
     3                           	psect	rdata_0,global,class=BANK0,space=1,delta
      +                          =1
     4                           	psect	idata_0,global,class=CODE,delta=2
     5                           	psect	text0,local,class=CODE,delta=2
     6                           	psect	text1,local,class=CODE,delta=2
     7                           	psect	text2,local,class=CODE,delta=2
     8                           	psect	text3,local,class=CODE,delta=2
     9                           	psect	text4,local,class=CODE,delta=2
    10                           	psect	text5,local,class=CODE,delta=2
    11                           	psect	text6,local,class=CODE,delta=2
    12                           	psect	temp,global,ovrld,class=BANK0,space=1,de
      +                          lta=1
    13  0000                     
    14  0000                     
    15  0000                     
    16  0000                     
    17  0000                     
    18  0000                     
    19  0000                     
    20  0000                     
    21  0000                     
    22  0000                     
    23                           
    24                           	psect	rdata_0
    25  0029                     _hello
    26  0029                     	ds	1
    27  002A                     	ds	1
    28  002B                     	ds	1
    29  002C                     	ds	1
    30  002D                     	ds	1
    31  002E                     	ds	1
    32  002F                     	ds	1
    33  0030                     	ds	1
    34  0031                     	ds	1
    35  0032                     	ds	1
    36  0033                     	ds	1
    37  0000                     _delay$itime	set	?_delay
    38                           
    39                           	psect	idata_0
    40  07F5  3448               	retlw	72
    41  07F6  3445               	retlw	69
    42  07F7  344C               	retlw	76
    43  07F8  344C               	retlw	76
    44  07F9  344F               	retlw	79
    45  07FA  3420               	retlw	32
    46  07FB  3457               	retlw	87
    47  07FC  344F               	retlw	79
    48  07FD  3452               	retlw	82
    49  07FE  344C               	retlw	76
    50  07FF  3444               	retlw	68
    51                           
    52                           	psect	text0
    53  07A4                     _delay
    54                           ;	_i assigned to ?a_delay+0
    55  0000                     _delay$i	set	?a_delay
    56                           ;	_j assigned to ?a_delay+2
    57  0000                     _delay$j	set	?a_delay+2
    58                           ;lcd8bit.c: 18: void delay(int itime)
    59  07A4  0183               	clrf	3	;select bank 0
    60  07A5  01A5               	clrf	?a_delay
    61  07A6  01A6               	clrf	?a_delay+1
    62  07A7  2FBC               	goto	l5
    63  07A8                     l2
    64                           ;lcd8bit.c: 22: for(j=0;j<235;j++);
    65  07A8  1283               	bcf	3,5
    66  07A9  1303               	bcf	3,6	;carry unused
    67  07AA  01A7               	clrf	?a_delay+2
    68  07AB  01A8               	clrf	?a_delay+3
    69  07AC                     l6
    70  07AC  0AA7               	incf	?a_delay+2
    71  07AD  1903               	btfsc	3,2
    72  07AE  0AA8               	incf	?a_delay+3
    73  07AF  0828               	movf	?a_delay+3,w
    74  07B0  3A80               	xorlw	128
    75  07B1  00F0               	movwf	btemp
    76  07B2  3080               	movlw	128
    77  07B3  0270               	subwf	btemp,w
    78  07B4  30EB               	movlw	235
    79                           ;set	bank bits for (((?a_delay+2)))
    80  07B5  1903               	btfsc	3,2
    81  07B6  0227               	subwf	?a_delay+2,w
    82  07B7  1C03               	btfss	3,0
    83  07B8  2FAC               	goto	l6
    84  07B9  0AA5               	incf	?a_delay
    85  07BA  1903               	btfsc	3,2
    86  07BB  0AA6               	incf	?a_delay+1
    87  07BC                     l5
    88  07BC  0826               	movf	?a_delay+1,w
    89  07BD  3A80               	xorlw	128
    90  07BE  00F0               	movwf	btemp
    91  07BF  0824               	movf	?_delay+1,w
    92  07C0  3A80               	xorlw	128
    93  07C1  0270               	subwf	btemp,w
    94  07C2  1D03               	btfss	3,2
    95  07C3  2FC6               	goto	u25
    96  07C4  0823               	movf	?_delay,w
    97  07C5  0225               	subwf	?a_delay,w
    98  07C6                     u25
    99  07C6  1C03               	btfss	3,0
   100  07C7  2FA8               	goto	l2
   101                           ;lcd8bit.c: 23: }
   102  07C8  0183               	clrf	3	;select bank 0
   103  07C9  0008               	return	;W free
   104                           
   105                           	psect	text1
   106  076E                     _IO_inti
   107                           ;lcd8bit.c: 25: void IO_inti()
   108  076E  1683               	bsf	3,5
   109  076F  1303               	bcf	3,6	;carry unused
   110  0770  0188               	clrf	8	;volatile
   111                           ;lcd8bit.c: 28: TRISB =0;
   112  0771  0186               	clrf	6	;volatile
   113                           ;lcd8bit.c: 30: }
   114  0772  1283               	bcf	3,5
   115  0773  0008               	return	;W free
   116                           
   117                           	psect	text2
   118  0781                     _lcd_cmd
   119                           ;	_cmd1 assigned to ?a_lcd_cmd+0
   120  0000                     _lcd_cmd$cmd1	set	?a_lcd_cmd
   121                           ;_cmd1 stored from w
   122  0781  0183               	clrf	3	;select bank 0
   123  0782  00A2               	movwf	?a_lcd_cmd
   124                           ;lcd8bit.c: 34: void lcd_cmd(char cmd1)
   125  0783  0086               	movwf	6	;volatile
   126                           ;lcd8bit.c: 37: RD6=0;
   127  0784  1308               	bcf	8,6
   128                           ;lcd8bit.c: 38: PORTC=0xff;
   129  0785  30FF               	movlw	-1
   130  0786  0087               	movwf	7	;volatile
   131                           ;lcd8bit.c: 39: RD6=0;
   132  0787  1308               	bcf	8,6
   133                           ;lcd8bit.c: 40: RD5=0;
   134  0788  1288               	bcf	8,5
   135                           ;lcd8bit.c: 41: RD7=1;
   136  0789  1788               	bsf	8,7
   137                           ;lcd8bit.c: 42: delay(20);
   138  078A  3014               	movlw	20
   139  078B  00A3               	movwf	?_delay
   140  078C  01A4               	clrf	?_delay+1
   141  078D  27A4               	call	_delay
   142                           ;lcd8bit.c: 43: RD7=0;
   143  078E  1388               	bcf	8,7
   144                           ;lcd8bit.c: 45: }
   145  078F  0008               	return	;W free
   146                           
   147                           	psect	text3
   148  0774                     _lcd_data
   149                           ;	_data1 assigned to ?a_lcd_data+0
   150  0000                     _lcd_data$data1	set	?a_lcd_data
   151                           ;_data1 stored from w
   152  0774  0183               	clrf	3	;select bank 0
   153  0775  00A2               	movwf	?a_lcd_data
   154                           ;lcd8bit.c: 50: void lcd_data(char data1)
   155  0776  0086               	movwf	6	;volatile
   156                           ;lcd8bit.c: 53: RD6=1;
   157  0777  1708               	bsf	8,6
   158                           ;lcd8bit.c: 54: PORTC=0;
   159  0778  0187               	clrf	7	;volatile
   160                           ;lcd8bit.c: 55: RD5=0;
   161  0779  1288               	bcf	8,5
   162                           ;lcd8bit.c: 56: RD7=1;
   163  077A  1788               	bsf	8,7
   164                           ;lcd8bit.c: 57: delay(20);
   165  077B  3014               	movlw	20
   166  077C  00A3               	movwf	?_delay
   167  077D  01A4               	clrf	?_delay+1
   168  077E  27A4               	call	_delay
   169                           ;lcd8bit.c: 58: RD7=0;
   170  077F  1388               	bcf	8,7
   171                           ;lcd8bit.c: 59: }
   172  0780  0008               	return	;W free
   173                           
   174                           	psect	text4
   175  0790                     _lcd_inti
   176                           ;lcd8bit.c: 64: void lcd_inti()
   177  0790  3038               	movlw	56
   178  0791  2781               	call	_lcd_cmd
   179                           ;lcd8bit.c: 67: lcd_cmd(0x01);
   180  0792  3001               	movlw	1
   181  0793  2781               	call	_lcd_cmd
   182                           ;lcd8bit.c: 68: delay(10);
   183  0794  300A               	movlw	10
   184  0795  00A3               	movwf	?_delay
   185  0796  01A4               	clrf	?_delay+1
   186  0797  27A4               	call	_delay
   187                           ;lcd8bit.c: 70: lcd_cmd(0x06);
   188  0798  3006               	movlw	6
   189  0799  2781               	call	_lcd_cmd
   190                           ;lcd8bit.c: 71: delay(10);
   191  079A  300A               	movlw	10
   192  079B  00A3               	movwf	?_delay
   193  079C  01A4               	clrf	?_delay+1
   194  079D  27A4               	call	_delay
   195                           ;lcd8bit.c: 72: lcd_cmd(0x80);
   196  079E  3080               	movlw	-128
   197  079F  2781               	call	_lcd_cmd
   198                           ;lcd8bit.c: 73: delay(10);
   199  07A0  300A               	movlw	10
   200  07A1  00A3               	movwf	?_delay
   201  07A2  01A4               	clrf	?_delay+1
   202  07A3  2FA4               	goto	_delay
   203                           
   204                           	psect	text5
   205  07CA                     _main
   206                           ;	_i assigned to ?a_main+0
   207  0000                     _main$i	set	?a_main
   208                           ;lcd8bit.c: 81: void main()
   209  07CA  1683               	bsf	3,5
   210  07CB  1303               	bcf	3,6	;carry unused
   211  07CC  1381               	bcf	1,7
   212                           ;lcd8bit.c: 86: TRISC=0;
   213  07CD  0187               	clrf	7	;volatile
   214  07CE                     l15
   215                           ;lcd8bit.c: 87: while(1)
   216                           ;lcd8bit.c: 88: {
   217  07CE  30FF               	movlw	-1
   218  07CF  1283               	bcf	3,5
   219  07D0  0087               	movwf	7	;volatile
   220                           ;lcd8bit.c: 90: delay(2000);
   221  07D1  30D0               	movlw	208
   222  07D2  00A3               	movwf	?_delay
   223  07D3  3007               	movlw	7
   224  07D4  00A4               	movwf	?_delay+1
   225  07D5  27A4               	call	_delay
   226                           ;lcd8bit.c: 91: PORTC=0;
   227  07D6  0187               	clrf	7	;volatile
   228                           ;lcd8bit.c: 92: delay(2000);
   229  07D7  30D0               	movlw	208
   230  07D8  00A3               	movwf	?_delay
   231  07D9  3007               	movlw	7
   232  07DA  00A4               	movwf	?_delay+1
   233  07DB  27A4               	call	_delay
   234  07DC  2FCE               	goto	l15
   235  07DD                     l17
   236                           ;lcd8bit.c: 112: {
   237  07DD  0820               	movf	?a_main,w
   238  07DE  3E29               	addlw	_hello
   239  07DF  0084               	movwf	4
   240  07E0  1383               	bcf	3,7
   241  07E1  0800               	movf	0,w
   242  07E2  2774               	call	_lcd_data
   243                           ;lcd8bit.c: 114: delay(10);
   244  07E3  300A               	movlw	10
   245  07E4  00A3               	movwf	?_delay
   246  07E5  01A4               	clrf	?_delay+1
   247  07E6  27A4               	call	_delay
   248  07E7  0AA0               	incf	?a_main
   249  07E8  1903               	btfsc	3,2
   250  07E9  0AA1               	incf	?a_main+1
   251  07EA  0821               	movf	?a_main+1,w
   252  07EB  3A80               	xorlw	128
   253  07EC  00F0               	movwf	btemp
   254  07ED  3080               	movlw	128
   255  07EE  0270               	subwf	btemp,w
   256  07EF  300B               	movlw	11
   257                           ;set	bank bits for (((?a_main+0)))
   258  07F0  1903               	btfsc	3,2
   259  07F1  0220               	subwf	?a_main,w
   260  07F2  1C03               	btfss	3,0
   261  07F3  2FDD               	goto	l17
   262                           ;lcd8bit.c: 115: }
   263  07F4                     l20
   264  07F4  2FF4               	goto	l20
   265                           
   266                           	psect	text6
   267  0000                     
   268  0000                     
   269  0000                     
   270  0000                     
   271  0000                     
   272  0000                     
   273  0000                     
   274  0000                     
   275  0000                     
   276  0000                     
   277  0000                     
   278  0000                     
   279  0000                     
   280  0000                     
   281  0000                     
   282  0000                     
   283  0000                     
   284  0000                     
   285  0000                     
   286  0000                     
   287  0000                     
   288  0000                     
   289  0000                     
   290  0000                     
   291  0000                     
   292  0000                     
   293  0000                     
   294  0000                     
   295  0000                     
   296  0000                     
   297  0000                     
   298  0000                     
   299  0000                     
   300  0000                     
   301  0000                     
   302  0000                     
   303  0000                     
   304  0000                     
   305  0000                     
   306  0000                     
   307  0000                     
   308  0000                     
   309  0000                     
   310  0000                     
   311  0000                     
   312  0000                     
   313  0000                     
   314  0000                     
   315  0000                     
   316  0000                     
   317  0000                     
   318  0000                     
   319  0000                     
   320  0000                     
   321  0000                     
   322  0000                     
   323  0000                     
   324  0000                     
   325  0000                     
   326  0000                     
   327  0000                     
   328  0000                     
   329  0000                     
   330  0000                     
   331  0000                     
   332  0000                     
   333  0000                     
   334  0000                     
   335  0000                     
   336  0000                     
   337  0000                     
   338  0000                     
   339  0000                     
   340  0000                     
   341  0000                     
   342  0000                     
   343  0000                     
   344  0000                     
   345  0000                     
   346  0000                     
   347  0000                     
   348  0000                     
   349  0000                     
   350  0000                     
   351  0000                     
   352  0000                     
   353  0000                     
   354  0000                     
   355  0000                     
   356  0000                     
   357  0000                     
   358  0000                     
   359  0000                     
   360  0000                     
   361  0000                     
   362  0000                     
   363  0000                     
   364  0000                     
   365  0000                     
   366  0000                     
   367  0000                     
   368  0000                     
   369  0000                     
   370  0000                     
   371  0000                     
   372  0000                     
   373  0000                     
   374  0000                     
   375  0000                     
   376  0000                     
   377  0000                     
   378  0000                     
   379  0000                     
   380  0000                     
   381  0000                     
   382  0000                     
   383  0000                     
   384  0000                     
   385  0000                     
   386  0000                     
   387  0000                     
   388  0000                     
   389  0000                     
   390  0000                     
   391  0000                     
   392  0000                     
   393  0000                     
   394  0000                     
   395  0000                     
   396  0000                     
   397  0000                     
   398  0000                     
   399  0000                     
   400  0000                     
   401  0000                     
   402  0000                     
   403  0000                     
   404  0000                     
   405  0000                     
   406  0000                     
   407  0000                     
   408  0000                     
   409  0000                     
   410  0000                     
   411  0000                     
   412  0000                     
   413  0000                     
   414  0000                     
   415  0000                     
   416  0000                     
   417  0000                     
   418  0000                     
   419  0000                     
   420  0000                     
   421  0000                     
   422  0000                     
   423  0000                     
   424  0000                     
   425  0000                     
   426  0000                     
   427  0000                     
   428  0000                     
   429  0000                     
   430  0000                     
   431  0000                     
   432  0000                     
   433  0000                     
   434  0000                     
   435  0000                     
   436  0000                     
   437  0000                     
   438  0000                     
   439  0000                     
   440  0000                     
   441  0000                     
   442  0000                     
   443  0000                     
   444  0000                     
   445  0000                     
   446  0000                     
   447  0000                     
   448  0000                     
   449  0000                     
   450  0000                     
   451  0000                     
   452  0000                     
   453  0000                     
   454  0000                     
   455  0000                     
   456  0000                     
   457  0000                     
   458  0000                     
   459  0000                     
   460  0000                     
   461  0000                     
   462  0000                     
   463  0000                     
   464  0000                     
   465  0000                     
   466  0000                     
   467  0000                     
   468  0000                     
   469  0000                     
   470  0000                     
   471  0000                     
   472  0000                     
   473  0000                     
   474  0000                     
   475  0000                     
   476  0000                     
   477  0000                     
   478  0000                     
   479  0000                     
   480  0000                     
   481  0000                     
   482  0000                     
   483  0000                     
   484  0000                     
   485  0000                     
   486  0000                     
   487  0000                     
   488  0000                     
   489  0000                     
   490  0000                     
   491  0000                     
   492  0000                     
   493  0000                     
   494  0000                     
   495  0000                     
   496  0000                     
   497  0000                     
   498  0000                     
   499  0000                     
   500  0000                     
   501  0000                     
   502  0000                     
   503  0000                     
   504  0000                     
   505  0000                     
   506  0000                     
   507  0000                     
   508  0000                     
   509  0000                     
   510  0000                     
   511  0000                     
   512  0000                     
   513  0000                     
   514  0000                     
   515  0000                     
   516  0000                     
   517  0000                     
   518  0000                     
   519  0000                     
   520  0000                     
   521  0000                     
   522  0000                     
   523  0000                     
   524  0000                     
   525  0000                     
   526  0000                     
   527  0000                     
   528  0000                     
   529  0000                     
   530  0000                     
   531  0000                     
   532  0000                     
   533  0000                     
   534  0000                     
   535  0000                     
   536  0000                     
   537  0000                     
   538  0000                     
   539  0000                     
   540  0000                     
   541  0000                     
   542  0000                     
   543                           
   544                           	psect	temp
   545  0070                     btemp
   546  0070                     	ds	1


HI-TECH Software PICC Macro Assembler V9.50PL2
Symbol Table                                          Tue Oct 21 15:37:47 2014

        ?_delay 0023          ?a_main 0020               l2 07A8  
             l5 07BC               l6 07AC         ?a_delay 0025  
            l20 07F4              l15 07CE              l17 07DD  
            u25 07C6        _lcd_data 0774              fsr 0004  
      _lcd_inti 0790       ?a_lcd_cmd 0022         _IO_inti 076E  
          _main 07CA            btemp 0070            start 0000  
    ?a_lcd_data 0022         _lcd_cmd 0781           _delay 07A4  
         _hello 0029           status 0003      used_btemp0 0001  
