

HI-TECH Software PIC LITE Macro Assembler V9.83 build 10920 
                                                                                               Wed Oct 22 11:33:54 2014

HI-TECH Software Omniscient Code Generator (Lite mode) build 10920
     1  0000                     opt subtitle "HI-TECH Software Omniscient Code Generator (Lite mode) build 10920"
     2                           
     3                           opt pagewidth 120
     4                           
     5                           	opt lm
     6                           
     7                           	processor	16F877A
     8                           clrc	macro
     9                           	bcf	3,0
    10  0000                     	endm
    11                           clrz	macro
    12                           	bcf	3,2
    13  0000                     	endm
    14                           setc	macro
    15                           	bsf	3,0
    16  0000                     	endm
    17                           setz	macro
    18                           	bsf	3,2
    19  0000                     	endm
    20                           skipc	macro
    21                           	btfss	3,0
    22  0000                     	endm
    23                           skipz	macro
    24                           	btfss	3,2
    25  0000                     	endm
    26                           skipnc	macro
    27                           	btfsc	3,0
    28  0000                     	endm
    29                           skipnz	macro
    30                           	btfsc	3,2
    31  0000                     	endm
    32  0000                     indf	equ	0
    33  0000                     indf0	equ	0
    34  0002                     pc	equ	2
    35  0002                     pcl	equ	2
    36  0003                     status	equ	3
    37  0004                     fsr	equ	4
    38  0004                     fsr0	equ	4
    39  0001                     c	equ	1
    40  0000                     z	equ	0
    41  000A                     pclath	equ	10
    42                           	FNROOT	_main
    43                           	global	_PORTC
    44                           psect	maintext,global,class=CODE,delta=2
    45                           global __pmaintext
    46  07F6                     __pmaintext:
    47  0007                     _PORTC	set	7
    48                           	global	_CARRY
    49  0018                     _CARRY	set	24
    50                           	global	_GIE
    51  005F                     _GIE	set	95
    52                           	global	_TRISC
    53  0087                     _TRISC	set	135
    54                           	global	_EEADR
    55  010D                     _EEADR	set	269
    56                           	global	_EEDATA
    57  010C                     _EEDATA	set	268
    58                           	global	_EECON1
    59  018C                     _EECON1	set	396
    60                           	global	_EECON2
    61  018D                     _EECON2	set	397
    62                           	global	_RD
    63  0C60                     _RD	set	3168
    64                           	global	_WR
    65  0C61                     _WR	set	3169
    66                           	global	_WREN
    67  0C62                     _WREN	set	3170
    68                           	file	"led.as"
    69                           	line	#
    70                           psect cinit,class=CODE,delta=2
    71                           global start_initialization
    72  07F2                     start_initialization:
    73                           
    74                           psect cinit,class=CODE,delta=2
    75                           global end_of_initialization
    76                           
    77                           ;End of C runtime variable initialization code
    78                           
    79  07F2                     end_of_initialization:
    80  07F2  0183               clrf status
    81  07F3  120A  118A  2FF6   ljmp _main	;jump to C main() function
    82                           psect	cstackCOMMON,class=COMMON,space=1
    83                           global __pcstackCOMMON
    84  0000                     __pcstackCOMMON:
    85                           	global	?_main
    86  0000                     ?_main:	; 0 bytes @ 0x0
    87                           	global	??_main
    88  0000                     ??_main:	; 0 bytes @ 0x0
    89 ;;Data sizes: Strings 0, constant 0, data 0, bss 0, persistent 0 stack 0
    90 ;;Auto spaces:   Size  Autos    Used
    91 ;; COMMON          14      0       0
    92 ;; BANK0           80      0       0
    93 ;; BANK1           80      0       0
    94 ;; BANK3           96      0       0
    95 ;; BANK2           96      0       0
    96                           
    97 ;;
    98 ;; Pointer list with targets:
    99                           
   100                           
   101                           
   102 ;;
   103 ;; Critical Paths under _main in COMMON
   104 ;;
   105 ;;   None.
   106 ;;
   107 ;; Critical Paths under _main in BANK0
   108 ;;
   109 ;;   None.
   110 ;;
   111 ;; Critical Paths under _main in BANK1
   112 ;;
   113 ;;   None.
   114 ;;
   115 ;; Critical Paths under _main in BANK3
   116 ;;
   117 ;;   None.
   118 ;;
   119 ;; Critical Paths under _main in BANK2
   120 ;;
   121 ;;   None.
   122                           
   123 ;;
   124 ;;Main: autosize = 0, tempsize = 0, incstack = 0, save=0
   125 ;;
   126                           
   127 ;;
   128 ;;Call Graph Tables:
   129 ;;
   130 ;; ---------------------------------------------------------------------------------
   131 ;; (Depth) Function   	        Calls       Base Space   Used Autos Params    Refs
   132 ;; ---------------------------------------------------------------------------------
   133 ;; (0) _main                                                 0     0      0       0
   134 ;; ---------------------------------------------------------------------------------
   135 ;; Estimated maximum stack depth 0
   136 ;; ---------------------------------------------------------------------------------
   137                           
   138 ;; Call Graph Graphs:
   139                           
   140 ;; _main (ROOT)
   141 ;;
   142                           
   143 ;; Address spaces:
   144                           
   145 ;;Name               Size   Autos  Total    Cost      Usage
   146 ;;BITCOMMON            E      0       0       0        0.0%
   147 ;;EEDATA             100      0       0       0        0.0%
   148 ;;NULL                 0      0       0       0        0.0%
   149 ;;CODE                 0      0       0       0        0.0%
   150 ;;COMMON               E      0       0       1        0.0%
   151 ;;BITSFR0              0      0       0       1        0.0%
   152 ;;SFR0                 0      0       0       1        0.0%
   153 ;;BITSFR1              0      0       0       2        0.0%
   154 ;;SFR1                 0      0       0       2        0.0%
   155 ;;STACK                0      0       0       2        0.0%
   156 ;;ABS                  0      0       0       3        0.0%
   157 ;;BITBANK0            50      0       0       4        0.0%
   158 ;;BITSFR3              0      0       0       4        0.0%
   159 ;;SFR3                 0      0       0       4        0.0%
   160 ;;BANK0               50      0       0       5        0.0%
   161 ;;BITSFR2              0      0       0       5        0.0%
   162 ;;SFR2                 0      0       0       5        0.0%
   163 ;;BITBANK1            50      0       0       6        0.0%
   164 ;;BANK1               50      0       0       7        0.0%
   165 ;;BITBANK3            60      0       0       8        0.0%
   166 ;;BANK3               60      0       0       9        0.0%
   167 ;;BITBANK2            60      0       0      10        0.0%
   168 ;;BANK2               60      0       0      11        0.0%
   169 ;;DATA                 0      0       0      12        0.0%
   170                           
   171                           	global	_main
   172                           psect	maintext
   173                           
   174 ;; *************** function _main *****************
   175 ;; Defined at:
   176 ;;		line 4 in file "F:\pic projects\lcd8bit\LED.c"
   177 ;; Parameters:    Size  Location     Type
   178 ;;		None
   179 ;; Auto vars:     Size  Location     Type
   180 ;;		None
   181 ;; Return value:  Size  Location     Type
   182 ;;		None               void
   183 ;; Registers used:
   184 ;;		wreg, status,2
   185 ;; Tracked objects:
   186 ;;		On entry : 17F/0
   187 ;;		On exit  : 0/0
   188 ;;		Unchanged: 0/0
   189 ;; Data sizes:     COMMON   BANK0   BANK1   BANK3   BANK2
   190 ;;      Params:         0       0       0       0       0
   191 ;;      Locals:         0       0       0       0       0
   192 ;;      Temps:          0       0       0       0       0
   193 ;;      Totals:         0       0       0       0       0
   194 ;;Total ram usage:        0 bytes
   195 ;; This function calls:
   196 ;;		Nothing
   197 ;; This function is called by:
   198 ;;		Startup code after reset
   199 ;; This function uses a non-reentrant model
   200 ;;
   201                           psect	maintext
   202                           	file	"F:\pic projects\lcd8bit\LED.c"
   203                           	line	4
   204                           	global	__size_of_main
   205  000A                     	__size_of_main	equ	__end_of_main-_main
   206                           	
   207  07F6                     _main:	
   208                           	opt	stack 8
   209                           ; Regs used in _main: [wreg+status,2]
   210                           	line	5
   211                           	
   212  07F6                     l1732:	
   213                           ;LED.c: 5: TRISC=0X00;
   214  07F6  1683               	bsf	status, 5	;RP0=1, select bank1
   215  07F7  1303               	bcf	status, 6	;RP1=0, select bank1
   216  07F8  0187               	clrf	(135)^080h	;volatile
   217                           	line	6
   218                           	
   219  07F9                     l1734:	
   220                           ;LED.c: 6: PORTC=0XFF;
   221  07F9  30FF               	movlw	(0FFh)
   222  07FA  1283               	bcf	status, 5	;RP0=0, select bank0
   223  07FB  1303               	bcf	status, 6	;RP1=0, select bank0
   224  07FC  0087               	movwf	(7)	;volatile
   225                           	line	8
   226                           	
   227  07FD                     l685:	
   228                           	global	start
   229  07FD  120A  118A  2800   	ljmp	start
   230                           	opt stack 0
   231                           GLOBAL	__end_of_main
   232  0800                     	__end_of_main:
   233 ;; =============== function _main ends ============
   234                           
   235                           	signat	_main,88
   236                           psect	maintext
   237                           	global	btemp
   238  007E                     	btemp set 07Eh
   239                           
   240                           	DABS	1,126,2	;btemp
   241                           	global	wtemp0
   242  007E                     	wtemp0 set btemp


HI-TECH Software PICC Macro Assembler V9.83 build 10920 
Symbol Table                                                                                   Wed Oct 22 11:33:54 2014

                  _RD 0C60                    _WR 0C61                   l685 07FD                   _GIE 005F  
                l1732 07F6                  l1734 07F9                  _WREN 0C62                  _main 07F6  
                btemp 007E                  start 0000                 ?_main 0000                 _EEADR 010D  
               _CARRY 0018                 _PORTC 0007                 _TRISC 0087                 status 0003  
               wtemp0 007E          __end_of_main 0800                ??_main 0000                _EEDATA 010C  
              _EECON1 018C                _EECON2 018D        __pcstackCOMMON 0000            __pmaintext 07F6  
end_of_initialization 07F2   start_initialization 07F2         __size_of_main 000A  
